chasseral,alexnet,cifar10,21,1795.600000
chasseral,alexnet,cifar100,22,1836.545000
chasseral,vgg11,cifar10,139,11860.400000
chasseral,vgg11,cifar100,139,11904.870000
chasseral,vgg11_bn,cifar10,168,13819.020000
chasseral,vgg11_bn,cifar100,168,14285.425000
chasseral,vgg13,cifar10,206,17884.275000
chasseral,vgg13,cifar100,207,17590.415000
chasseral,vgg13_bn,cifar10,253,20746.540000
chasseral,vgg13_bn,cifar100,254,20946.615000
chasseral,vgg16,cifar10,255,21678.995000
chasseral,vgg16,cifar100,255,22985.810000
chasseral,vgg16_bn,cifar10,307,26029.865000
chasseral,vgg16_bn,cifar100,307,25733.010000
chasseral,vgg19,cifar10,303,26701.390000
chasseral,vgg19,cifar100,303,26910.095000
chasseral,vgg19_bn,cifar10,361,30725.610000
chasseral,vgg19_bn,cifar100,361,29448.060000
chasseral,resnet18,cifar10,66,5172.225000
chasseral,resnet18,cifar100,65,5225.915000
chasseral,resnet34,cifar10,105,8700.055000
chasseral,resnet34,cifar100,106,8731.310000
chasseral,resnet50,cifar10,320,27054.135000
chasseral,resnet50,cifar100,320,26860.270000
chasseral,resnet101,cifar10,554,48162.665000
chasseral,resnet101,cifar100,554,47789.430000
chasseral,resnet152,cifar10,798,69030.650000
chasseral,resnet152,cifar100,798,68727.070000
chasseral,squeezenet1_0,cifar10,73,5760.905000
chasseral,squeezenet1_0,cifar100,73,6041.955000
chasseral,squeezenet1_1,cifar10,43,3381.080000
chasseral,squeezenet1_1,cifar100,42,3482.080000
chasseral,densenet121,cifar10,300,24637.640000
chasseral,densenet121,cifar100,300,24717.815000
chasseral,densenet169,cifar10,376,30584.440000
chasseral,densenet169,cifar100,377,30319.780000
chasseral,densenet161,cifar10,708,58329.075000
chasseral,densenet161,cifar100,710,57763.985000
chasseral,densenet201,cifar10,500,41603.615000
chasseral,densenet201,cifar100,501,41382.820000
chasseral,inception_v3,cifar10,209,17660.990000
chasseral,inception_v3,cifar100,208,17292.945000
chasseral,googlenet,cifar10,105,8517.755000
chasseral,googlenet,cifar100,104,9033.225000
chasseral,shufflenet_v2_x0_5,cifar10,23,1866.600000
chasseral,shufflenet_v2_x0_5,cifar100,21,1623.260000
chasseral,shufflenet_v2_x1_0,cifar10,46,3676.885000
chasseral,shufflenet_v2_x1_0,cifar100,45,3792.705000
chasseral,mobilenet_v2,cifar10,105,8329.410000
chasseral,mobilenet_v2,cifar100,105,8406.220000
chasseral,resnext50_32x4d,cifar10,499,43151.450000
chasseral,resnext50_32x4d,cifar100,499,43547.070000
chasseral,resnext101_32x8d,cifar10,1670,146850.695000
chasseral,resnext101_32x8d,cifar100,1673,146290.535000
chasseral,wide_resnet50_2,cifar10,608,52686.150000
chasseral,wide_resnet50_2,cifar100,608,54533.160000
chasseral,wide_resnet101_2,cifar10,1099,94807.485000
chasseral,wide_resnet101_2,cifar100,1100,93363.345000
chasseral,mnasnet0_5,cifar10,53,4442.025000
chasseral,mnasnet0_5,cifar100,53,4333.060000
chasseral,mnasnet1_0,cifar10,104,8318.405000
chasseral,mnasnet1_0,cifar100,104,8518.505000
chaumont,alexnet,cifar10,25,1581.250000
chaumont,alexnet,cifar100,24,1525.730000
chaumont,vgg11,cifar10,142,9545.945000
chaumont,vgg11,cifar100,142,9422.390000
chaumont,vgg11_bn,cifar10,170,10209.475000
chaumont,vgg11_bn,cifar100,169,10538.955000
chaumont,vgg13,cifar10,210,13990.260000
chaumont,vgg13,cifar100,211,13790.780000
chaumont,vgg13_bn,cifar10,259,16080.340000
chaumont,vgg13_bn,cifar100,259,15901.030000
chaumont,vgg16,cifar10,261,17170.775000
chaumont,vgg16,cifar100,260,17272.990000
chaumont,vgg16_bn,cifar10,313,19681.285000
chaumont,vgg16_bn,cifar100,313,20131.000000
chaumont,vgg19,cifar10,309,20988.835000
chaumont,vgg19,cifar100,310,20967.365000
chaumont,vgg19_bn,cifar10,366,22819.175000
chaumont,vgg19_bn,cifar100,366,22356.095000
chaumont,resnet18,cifar10,69,4268.335000
chaumont,resnet18,cifar100,69,4271.805000
chaumont,resnet34,cifar10,108,6586.315000
chaumont,resnet34,cifar100,109,6592.905000
chaumont,resnet50,cifar10,327,21017.430000
chaumont,resnet50,cifar100,327,20057.050000
chaumont,resnet101,cifar10,562,37020.215000
chaumont,resnet101,cifar100,562,35811.490000
chaumont,resnet152,cifar10,810,53598.675000
chaumont,resnet152,cifar100,809,51921.300000
chaumont,squeezenet1_0,cifar10,78,4779.915000
chaumont,squeezenet1_0,cifar100,77,5057.530000
chaumont,squeezenet1_1,cifar10,46,3056.775000
chaumont,squeezenet1_1,cifar100,47,2871.795000
chaumont,densenet121,cifar10,322,19000.735000
chaumont,densenet121,cifar100,320,19719.630000
chaumont,densenet169,cifar10,404,24157.435000
chaumont,densenet169,cifar100,402,24775.575000
chaumont,densenet161,cifar10,755,46885.170000
chaumont,densenet161,cifar100,755,47115.290000
chaumont,densenet201,cifar10,547,33487.625000
chaumont,densenet201,cifar100,545,33198.785000
chaumont,inception_v3,cifar10,226,14177.805000
chaumont,inception_v3,cifar100,227,14538.885000
chaumont,googlenet,cifar10,115,7361.290000
chaumont,googlenet,cifar100,115,7184.160000
chaumont,shufflenet_v2_x0_5,cifar10,26,1688.940000
chaumont,shufflenet_v2_x0_5,cifar100,25,1509.390000
chaumont,shufflenet_v2_x1_0,cifar10,54,3317.080000
chaumont,shufflenet_v2_x1_0,cifar100,54,3399.530000
chaumont,mobilenet_v2,cifar10,112,6724.005000
chaumont,mobilenet_v2,cifar100,111,6677.720000
chaumont,resnext50_32x4d,cifar10,523,33678.140000
chaumont,resnext50_32x4d,cifar100,525,34154.160000
chaumont,resnext101_32x8d,cifar10,1721,115266.255000
chaumont,resnext101_32x8d,cifar100,1720,113801.920000
chaumont,wide_resnet50_2,cifar10,627,41112.485000
chaumont,wide_resnet50_2,cifar100,627,40297.985000
chaumont,wide_resnet101_2,cifar10,1135,74601.190000
chaumont,wide_resnet101_2,cifar100,1135,72050.935000
chaumont,mnasnet0_5,cifar10,55,2830.975000
chaumont,mnasnet0_5,cifar100,56,3083.230000
chaumont,mnasnet1_0,cifar10,109,6029.680000
chaumont,mnasnet1_0,cifar100,109,5530.280000
vully,alexnet,cifar10,44,1558.555000
vully,alexnet,cifar100,45,1514.545000
vully,resnet18,cifar10,128,4282.680000
vully,resnet18,cifar100,130,4098.855000
vully,resnet34,cifar10,210,7460.075000
vully,resnet34,cifar100,212,7334.985000
vully,resnet50,cifar10,682,23748.185000
vully,resnet50,cifar100,686,24373.825000
vully,squeezenet1_1,cifar10,90,2979.465000
vully,squeezenet1_1,cifar100,90,2950.075000
vully,densenet121,cifar10,638,21350.780000
vully,densenet121,cifar100,644,21001.475000
vully,densenet169,cifar10,828,27859.970000
vully,densenet169,cifar100,832,27688.725000
vully,inception_v3,cifar10,482,16443.925000
vully,inception_v3,cifar100,481,16999.640000
vully,googlenet,cifar10,231,7693.770000
vully,googlenet,cifar100,230,7552.115000
vully,shufflenet_v2_x0_5,cifar10,48,1497.950000
vully,shufflenet_v2_x0_5,cifar100,50,1543.885000
vully,shufflenet_v2_x1_0,cifar10,101,3283.685000
vully,shufflenet_v2_x1_0,cifar100,100,3215.150000
vully,mobilenet_v2,cifar10,202,6522.570000
vully,mobilenet_v2,cifar100,200,6324.475000
vully,mnasnet0_5,cifar10,101,3334.995000
vully,mnasnet0_5,cifar100,101,3325.500000
vully,mnasnet1_0,cifar10,205,6898.650000
vully,mnasnet1_0,cifar100,204,6605.705000
scopi,alexnet,cifar10,20,719.460749
scopi,alexnet,cifar100,20,748.872635
scopi,vgg11,cifar10,119,8806.117648
scopi,vgg11,cifar100,120,8933.772409
scopi,vgg11_bn,cifar10,127,9349.363874
scopi,vgg11_bn,cifar100,127,9364.687770
scopi,vgg13,cifar10,177,13187.190933
scopi,vgg13,cifar100,177,13219.396266
scopi,vgg13_bn,cifar10,191,14017.086229
scopi,vgg13_bn,cifar100,189,14016.584417
scopi,vgg16,cifar10,228,17097.387540
scopi,vgg16,cifar100,227,17071.875017
scopi,vgg16_bn,cifar10,242,17912.155386
scopi,vgg16_bn,cifar100,241,16721.072909
scopi,vgg19,cifar10,280,11117.914062
scopi,vgg19,cifar100,279,11071.062939
scopi,vgg19_bn,cifar10,295,11403.870850
scopi,vgg19_bn,cifar100,294,11380.234198
scopi,resnet18,cifar10,51,1995.119671
scopi,resnet18,cifar100,51,1999.098905
scopi,resnet34,cifar10,87,3373.316638
scopi,resnet34,cifar100,88,3407.604902
scopi,resnet50,cifar10,255,10325.210035
scopi,resnet50,cifar100,255,10351.536687
scopi,resnet101,cifar10,464,18955.032402
scopi,resnet101,cifar100,463,18961.542851
scopi,resnet152,cifar10,672,27480.234761
scopi,resnet152,cifar100,671,27479.890407
scopi,squeezenet1_0,cifar10,50,1990.260102
scopi,squeezenet1_0,cifar100,49,1947.967989
scopi,squeezenet1_1,cifar10,28,1105.016305
scopi,squeezenet1_1,cifar100,29,1142.616132
scopi,densenet121,cifar10,201,8005.085510
scopi,densenet121,cifar100,201,8019.551433
scopi,densenet169,cifar10,258,10305.300123
scopi,densenet169,cifar100,259,10339.821832
scopi,densenet161,cifar10,530,21356.232292
scopi,densenet161,cifar100,529,21421.359669
scopi,densenet201,cifar10,349,14096.448756
scopi,densenet201,cifar100,349,14080.433213
scopi,inception_v3,cifar10,184,7335.065115
scopi,inception_v3,cifar100,183,7304.042889
scopi,googlenet,cifar10,78,3087.143806
scopi,googlenet,cifar100,77,3075.102361
scopi,shufflenet_v2_x0_5,cifar10,14,522.707635
scopi,shufflenet_v2_x0_5,cifar100,14,522.008771
scopi,shufflenet_v2_x1_0,cifar10,30,1161.735009
scopi,shufflenet_v2_x1_0,cifar100,30,1161.697593
scopi,mobilenet_v2,cifar10,75,2824.691963
scopi,mobilenet_v2,cifar100,74,2787.365691
scopi,resnext50_32x4d,cifar10,388,15930.394968
scopi,resnext50_32x4d,cifar100,389,16005.827857
scopi,resnext101_32x8d,cifar10,1437,59268.883365
scopi,resnext101_32x8d,cifar100,1438,59386.099786
scopi,wide_resnet50_2,cifar10,532,21338.962131
scopi,wide_resnet50_2,cifar100,531,21297.027118
scopi,wide_resnet101_2,cifar10,1002,39846.255233
scopi,wide_resnet101_2,cifar100,999,39778.860091
scopi,mnasnet0_5,cifar10,37,1374.696535
scopi,mnasnet0_5,cifar100,37,1372.563020
scopi,mnasnet1_0,cifar10,76,2871.632683
scopi,mnasnet1_0,cifar100,76,2867.756828
nuc,alexnet,cifar10,3,407.771082
nuc,alexnet,cifar100,3,414.611143
nuc,vgg11,cifar10,36,4980.812586
nuc,vgg11,cifar100,35,4909.580283
nuc,vgg11_bn,cifar10,39,5403.421606
nuc,vgg11_bn,cifar100,39,5411.737108
nuc,vgg13,cifar10,52,7287.372336
nuc,vgg13,cifar100,52,7303.181626
nuc,vgg13_bn,cifar10,58,7999.590497
nuc,vgg13_bn,cifar100,59,8159.418557
nuc,vgg16,cifar10,68,9466.511918
nuc,vgg16,cifar100,68,9470.162328
nuc,vgg16_bn,cifar10,74,10189.614165
nuc,vgg16_bn,cifar100,74,10192.759186
nuc,vgg19,cifar10,82,11416.094421
nuc,vgg19,cifar100,82,11486.624853
nuc,vgg19_bn,cifar10,89,12309.548251
nuc,vgg19_bn,cifar100,90,12382.851948
nuc,resnet18,cifar10,9,1250.475838
nuc,resnet18,cifar100,9,1258.432206
nuc,resnet34,cifar10,16,2218.314929
nuc,resnet34,cifar100,15,2091.357471
nuc,resnet50,cifar10,29,3976.134338
nuc,resnet50,cifar100,27,3701.796697
nuc,resnet101,cifar10,45,6221.867156
nuc,resnet101,cifar100,44,6099.557613
nuc,resnet152,cifar10,63,8748.105211
nuc,resnet152,cifar100,62,8613.826504
nuc,squeezenet1_0,cifar10,8,1157.450898
nuc,squeezenet1_0,cifar100,7,1016.134086
nuc,squeezenet1_1,cifar10,4,576.847090
nuc,squeezenet1_1,cifar100,5,718.808390
nuc,densenet121,cifar10,26,3681.906949
nuc,densenet121,cifar100,25,3410.273709
nuc,densenet169,cifar10,28,3900.088575
nuc,densenet169,cifar100,29,4086.877700
nuc,densenet161,cifar10,61,8470.656642
nuc,densenet161,cifar100,61,8500.560750
nuc,densenet201,cifar10,40,5563.594747
nuc,densenet201,cifar100,40,5553.555795
nuc,inception_v3,cifar10,17,2411.591198
nuc,inception_v3,cifar100,17,2389.351077
nuc,googlenet,cifar10,13,1868.686386
nuc,googlenet,cifar100,13,1848.725982
nuc,shufflenet_v2_x0_5,cifar10,2,267.402721
nuc,shufflenet_v2_x0_5,cifar100,1,144.066655
nuc,shufflenet_v2_x1_0,cifar10,2,288.122771
nuc,shufflenet_v2_x1_0,cifar100,2,273.953654
nuc,mobilenet_v2,cifar10,9,1242.830589
nuc,mobilenet_v2,cifar100,9,1230.291105
nuc,resnext50_32x4d,cifar10,35,4834.626393
nuc,resnext50_32x4d,cifar100,35,4820.777243
nuc,resnext101_32x8d,cifar10,93,12905.615358
nuc,resnext101_32x8d,cifar100,91,12635.410355
nuc,wide_resnet50_2,cifar10,59,8199.086802
nuc,wide_resnet50_2,cifar100,58,8017.963297
nuc,wide_resnet101_2,cifar10,101,14074.118198
nuc,wide_resnet101_2,cifar100,99,13805.252139
nuc,mnasnet0_5,cifar10,2,301.769452
nuc,mnasnet0_5,cifar100,2,283.154107
nuc,mnasnet1_0,cifar10,7,992.626198
nuc,mnasnet1_0,cifar100,6,775.068601
