scopi,alexnet,cifar10,20,719.460749
scopi,alexnet,cifar100,20,748.872635
scopi,vgg11,cifar10,119,8806.117648
scopi,vgg11,cifar100,120,8933.772409
scopi,vgg11_bn,cifar10,127,9349.363874
scopi,vgg11_bn,cifar100,127,9364.687770
scopi,vgg13,cifar10,177,13187.190933
scopi,vgg13,cifar100,177,13219.396266
scopi,vgg13_bn,cifar10,191,14017.086229
scopi,vgg13_bn,cifar100,189,14016.584417
scopi,vgg16,cifar10,228,17097.387540
scopi,vgg16,cifar100,227,17071.875017
scopi,vgg16_bn,cifar10,242,17912.155386
scopi,vgg16_bn,cifar100,241,16721.072909
scopi,vgg19,cifar10,280,11117.914062
scopi,vgg19,cifar100,279,11071.062939
scopi,vgg19_bn,cifar10,295,11403.870850
scopi,vgg19_bn,cifar100,294,11380.234198
scopi,resnet18,cifar10,51,1995.119671
scopi,resnet18,cifar100,51,1999.098905
scopi,resnet34,cifar10,87,3373.316638
scopi,resnet34,cifar100,88,3407.604902
scopi,resnet50,cifar10,255,10325.210035
scopi,resnet50,cifar100,255,10351.536687
scopi,resnet101,cifar10,464,18955.032402
scopi,resnet101,cifar100,463,18961.542851
scopi,resnet152,cifar10,672,27480.234761
scopi,resnet152,cifar100,671,27479.890407
scopi,squeezenet1_0,cifar10,50,1990.260102
scopi,squeezenet1_0,cifar100,49,1947.967989
scopi,squeezenet1_1,cifar10,28,1105.016305
scopi,squeezenet1_1,cifar100,29,1142.616132
scopi,densenet121,cifar10,201,8005.085510
scopi,densenet121,cifar100,201,8019.551433
scopi,densenet169,cifar10,258,10305.300123
scopi,densenet169,cifar100,259,10339.821832
scopi,densenet161,cifar10,530,21356.232292
scopi,densenet161,cifar100,529,21421.359669
scopi,densenet201,cifar10,349,14096.448756
scopi,densenet201,cifar100,349,14080.433213
scopi,inception_v3,cifar10,184,7335.065115
scopi,inception_v3,cifar100,183,7304.042889
scopi,googlenet,cifar10,78,3087.143806
scopi,googlenet,cifar100,77,3075.102361
scopi,shufflenet_v2_x0_5,cifar10,14,522.707635
scopi,shufflenet_v2_x0_5,cifar100,14,522.008771
scopi,shufflenet_v2_x1_0,cifar10,30,1161.735009
scopi,shufflenet_v2_x1_0,cifar100,30,1161.697593
scopi,mobilenet_v2,cifar10,75,2824.691963
scopi,mobilenet_v2,cifar100,74,2787.365691
scopi,resnext50_32x4d,cifar10,388,15930.394968
scopi,resnext50_32x4d,cifar100,389,16005.827857
scopi,resnext101_32x8d,cifar10,1437,59268.883365
scopi,resnext101_32x8d,cifar100,1438,59386.099786
scopi,wide_resnet50_2,cifar10,532,21338.962131
scopi,wide_resnet50_2,cifar100,531,21297.027118
scopi,wide_resnet101_2,cifar10,1002,39846.255233
scopi,wide_resnet101_2,cifar100,999,39778.860091
scopi,mnasnet0_5,cifar10,37,1374.696535
scopi,mnasnet0_5,cifar100,37,1372.563020
scopi,mnasnet1_0,cifar10,76,2871.632683
scopi,mnasnet1_0,cifar100,76,2867.756828
nuc,alexnet,cifar10,3,407.771082
nuc,alexnet,cifar100,3,414.611143
nuc,vim vgg11,cifar10,36,4980.812586
nuc,vgg11,cifar100,35,4909.580283
nuc,vgg11_bn,cifar10,39,5403.421606
nuc,vgg11_bn,cifar100,39,5411.737108
nuc,vgg13,cifar10,52,7287.372336
nuc,vgg13,cifar100,52,7303.181626
nuc,vgg13_bn,cifar10,58,7999.590497
nuc,vgg13_bn,cifar100,59,8159.418557
nuc,vgg16,cifar10,68,9466.511918
nuc,vgg16,cifar100,68,9470.162328
nuc,vgg16_bn,cifar10,74,10189.614165
nuc,vgg16_bn,cifar100,74,10192.759186
nuc,vgg19,cifar10,82,11416.094421
nuc,vgg19,cifar100,82,11486.624853
nuc,vgg19_bn,cifar10,89,12309.548251
nuc,vgg19_bn,cifar100,90,12382.851948
nuc,resnet18,cifar10,9,1250.475838
nuc,resnet18,cifar100,9,1258.432206
nuc,resnet34,cifar10,16,2218.314929
nuc,resnet34,cifar100,15,2091.357471
nuc,resnet50,cifar10,29,3976.134338
nuc,resnet50,cifar100,27,3701.796697
nuc,resnet101,cifar10,45,6221.867156
nuc,resnet101,cifar100,44,6099.557613
nuc,resnet152,cifar10,63,8748.105211
nuc,resnet152,cifar100,62,8613.826504
nuc,squeezenet1_0,cifar10,8,1157.450898
nuc,squeezenet1_0,cifar100,7,1016.134086
nuc,squeezenet1_1,cifar10,4,576.847090
nuc,squeezenet1_1,cifar100,5,718.808390
nuc,densenet121,cifar10,26,3681.906949
nuc,densenet121,cifar100,25,3410.273709
nuc,densenet169,cifar10,28,3900.088575
nuc,densenet169,cifar100,29,4086.877700
nuc,densenet161,cifar10,61,8470.656642
nuc,densenet161,cifar100,61,8500.560750
nuc,densenet201,cifar10,40,5563.594747
nuc,densenet201,cifar100,40,5553.555795
nuc,inception_v3,cifar10,17,2411.591198
nuc,inception_v3,cifar100,17,2389.351077
nuc,googlenet,cifar10,13,1868.686386
nuc,googlenet,cifar100,13,1848.725982
nuc,shufflenet_v2_x0_5,cifar10,2,267.402721
nuc,shufflenet_v2_x0_5,cifar100,1,144.066655
nuc,shufflenet_v2_x1_0,cifar10,2,288.122771
nuc,shufflenet_v2_x1_0,cifar100,2,273.953654
nuc,mobilenet_v2,cifar10,9,1242.830589
nuc,mobilenet_v2,cifar100,9,1230.291105
nuc,resnext50_32x4d,cifar10,35,4834.626393
nuc,resnext50_32x4d,cifar100,35,4820.777243
nuc,resnext101_32x8d,cifar10,93,12905.615358
nuc,resnext101_32x8d,cifar100,91,12635.410355
nuc,wide_resnet50_2,cifar10,59,8199.086802
nuc,wide_resnet50_2,cifar100,58,8017.963297
nuc,wide_resnet101_2,cifar10,101,14074.118198
nuc,wide_resnet101_2,cifar100,99,13805.252139
nuc,mnasnet0_5,cifar10,2,301.769452
nuc,mnasnet0_5,cifar100,2,283.154107
nuc,mnasnet1_0,cifar10,7,992.626198
nuc,mnasnet1_0,cifar100,6,775.068601
